<?xml version="1.0" encoding="UTF-8"?>
<testng-results skipped="0" failed="0" ignored="0" total="1" passed="1">
  <reporter-output>
  </reporter-output>
  <suite name="Default suite" duration-ms="61221" started-at="2020-07-17T16:24:26Z" finished-at="2020-07-17T16:25:27Z">
    <groups>
    </groups>
    <test name="Default test" duration-ms="61221" started-at="2020-07-17T16:24:26Z" finished-at="2020-07-17T16:25:27Z">
      <class name="Testing.TC_1">
        <test-method status="PASS" signature="setup()[pri:0, instance:Testing.TC_1@71318ec4]" name="setup" is-config="true" duration-ms="7225" started-at="2020-07-17T16:24:26Z" finished-at="2020-07-17T16:24:33Z">
          <reporter-output>
          </reporter-output>
        </test-method> <!-- setup -->
        <test-method status="PASS" signature="TC_Microsoft_Navigation()[pri:0, instance:Testing.TC_1@71318ec4]" name="TC_Microsoft_Navigation" duration-ms="52575" started-at="2020-07-17T16:24:33Z" finished-at="2020-07-17T16:25:26Z">
          <reporter-output>
          </reporter-output>
        </test-method> <!-- TC_Microsoft_Navigation -->
        <test-method status="PASS" signature="tearDown(org.testng.ITestResult)[pri:0, instance:Testing.TC_1@71318ec4]" name="tearDown" is-config="true" duration-ms="1390" started-at="2020-07-17T16:25:26Z" finished-at="2020-07-17T16:25:27Z">
          <params>
            <param index="0">
              <value>
                <![CDATA[[TestResult name=TC_Microsoft_Navigation status=SUCCESS method=TC_1.TC_Microsoft_Navigation()[pri:0, instance:Testing.TC_1@71318ec4] output={null}]]]>
              </value>
            </param>
          </params>
          <reporter-output>
          </reporter-output>
        </test-method> <!-- tearDown -->
      </class> <!-- Testing.TC_1 -->
    </test> <!-- Default test -->
  </suite> <!-- Default suite -->
</testng-results>
